<?xml version="1.0" encoding="UTF-8"?>
<!-- Generated by org.testng.reporters.JUnitReportReporter -->
<testsuite skipped="0" hostname="LAPTOP-LO8M8OVB" name="TestCases.FlipkartTestCases" tests="1" failures="0" timestamp="2020-09-24T17:27:32 GMT+05:30" time="45.927" errors="0">
  <testcase name="TC01CalclateTheSumofTotalCasesOfAllStates" time="45.927" classname="TestCases.FlipkartTestCases"/>
  <system-out/>
</testsuite> <!-- TestCases.FlipkartTestCases -->
