<?xml version="1.0" encoding="UTF-8"?>
<!-- Generated by org.testng.reporters.JUnitReportReporter -->
<testsuite skipped="0" hostname="LAPTOP-LO8M8OVB" name="TestCases.FlipkartTestCases" tests="1" failures="0" timestamp="2020-09-25T00:41:39 GMT+05:30" time="17.326" errors="0">
  <testcase name="TC01CalclateTheSumofTotalCasesOfAllStates" time="17.326" classname="TestCases.FlipkartTestCases"/>
  <system-out/>
</testsuite> <!-- TestCases.FlipkartTestCases -->
